{"name": "注册成功", "status": "broken", "statusDetails": {"message": "selenium.common.exceptions.TimeoutException: Message: \nStacktrace:\nSymbols not available. Dumping unresolved backtrace:\n\t0x7ff6a8878245\n\t0x7ff6a88782a0\n\t0x7ff6a865165d\n\t0x7ff6a86a9a33\n\t0x7ff6a86a9d3c\n\t0x7ff6a86fdf67\n\t0x7ff6a86fac97\n\t0x7ff6a869ac29\n\t0x7ff6a869ba93\n\t0x7ff6a8b8ffe0\n\t0x7ff6a8b8a920\n\t0x7ff6a8ba9086\n\t0x7ff6a8895744\n\t0x7ff6a889e6ec\n\t0x7ff6a8881964\n\t0x7ff6a8881b15\n\t0x7ff6a8867842\n\t0x7ffe3ad5e8d7\n\t0x7ffe3bcac53c", "trace": "self = <test_register.TestRegister object at 0x00000202570E4E10>\ndriver = <selenium.webdriver.chrome.webdriver.WebDriver (session=\"79d01909e31f86a222f762df9b1582a4\")>\ncase_info = {'epic': 'fecshop项目', 'feature': '注册模块', 'payload': {'account': 18817700000, 'conf_pass': 123456, 'password': 123456}, 'story': '用户注册成功', ...}\n\n    @pytest.mark.parametrize(\"case_info\", read_yaml(\"register_data.yaml\"))\n    def test_register(self, driver, case_info):\n        allure.dynamic.epic(case_info[\"epic\"])\n        allure.dynamic.feature(case_info[\"feature\"])\n        allure.dynamic.story(case_info[\"story\"])\n        allure.dynamic.title(case_info[\"title\"])\n        register_page = RegisterPage(driver)\n>       register_page.register(case_info[\"url\"], **case_info[\"payload\"])\n\ntestcases\\test_register.py:15: \n_ _ _ _ _ _ _ _ _ _ _ _ _ _ _ _ _ _ _ _ _ _ _ _ _ _ _ _ _ _ _ _ _ _ _ _ _ _ _ _\npage_objects\\register_page.py:26: in register\n    self.input_text(self.account_loc, account)\npage_objects\\base_page.py:29: in input_text\n    self.find_element(locator).send_keys(text)\npage_objects\\base_page.py:23: in find_element\n    raise e\npage_objects\\base_page.py:20: in find_element\n    return WebDriverWait(self.driver, self.timeout).until(EC.presence_of_element_located(locator))\n_ _ _ _ _ _ _ _ _ _ _ _ _ _ _ _ _ _ _ _ _ _ _ _ _ _ _ _ _ _ _ _ _ _ _ _ _ _ _ _\n\nself = <selenium.webdriver.support.wait.WebDriverWait (session=\"79d01909e31f86a222f762df9b1582a4\")>\nmethod = <function presence_of_element_located.<locals>._predicate at 0x0000020256859E40>\nmessage = ''\n\n    def until(self, method: Callable[[D], Union[Literal[False], T]], message: str = \"\") -> T:\n        \"\"\"Wait until the method returns a value that is not False.\n    \n        Calls the method provided with the driver as an argument until the\n        return value does not evaluate to ``False``.\n    \n        Parameters:\n        -----------\n        method: callable(WebDriver)\n            - A callable object that takes a WebDriver instance as an argument.\n    \n        message: str\n            - Optional message for :exc:`TimeoutException`\n    \n        Return:\n        -------\n        object: T\n            - The result of the last call to `method`\n    \n        Raises:\n        -------\n        TimeoutException\n            - If 'method' does not return a truthy value within the WebDriverWait\n            object's timeout\n    \n        Example:\n        --------\n        >>> from selenium.webdriver.common.by import By\n        >>> from selenium.webdriver.support.ui import WebDriverWait\n        >>> from selenium.webdriver.support import expected_conditions as EC\n    \n        # Wait until an element is visible on the page\n        >>> wait = WebDriverWait(driver, 10)\n        >>> element = wait.until(EC.visibility_of_element_located((By.ID, \"exampleId\")))\n        >>> print(element.text)\n        \"\"\"\n        screen = None\n        stacktrace = None\n    \n        end_time = time.monotonic() + self._timeout\n        while True:\n            try:\n                value = method(self._driver)\n                if value:\n                    return value\n            except self._ignored_exceptions as exc:\n                screen = getattr(exc, \"screen\", None)\n                stacktrace = getattr(exc, \"stacktrace\", None)\n            if time.monotonic() > end_time:\n                break\n            time.sleep(self._poll)\n>       raise TimeoutException(message, screen, stacktrace)\nE       selenium.common.exceptions.TimeoutException: Message: \nE       Stacktrace:\nE       Symbols not available. Dumping unresolved backtrace:\nE       \t0x7ff6a8878245\nE       \t0x7ff6a88782a0\nE       \t0x7ff6a865165d\nE       \t0x7ff6a86a9a33\nE       \t0x7ff6a86a9d3c\nE       \t0x7ff6a86fdf67\nE       \t0x7ff6a86fac97\nE       \t0x7ff6a869ac29\nE       \t0x7ff6a869ba93\nE       \t0x7ff6a8b8ffe0\nE       \t0x7ff6a8b8a920\nE       \t0x7ff6a8ba9086\nE       \t0x7ff6a8895744\nE       \t0x7ff6a889e6ec\nE       \t0x7ff6a8881964\nE       \t0x7ff6a8881b15\nE       \t0x7ff6a8867842\nE       \t0x7ffe3ad5e8d7\nE       \t0x7ffe3bcac53c\n\nD:\\Python\\Python313\\Lib\\selenium\\webdriver\\support\\wait.py:138: TimeoutException"}, "parameters": [{"name": "case_info", "value": "{'epic': 'fecshop项目', 'feature': '注册模块', 'story': '用户注册成功', 'title': '注册成功', 'url': '/cn/customer/account/register', 'payload': {'account': 18817700000, 'password': 123456, 'conf_pass': 123456}, 'validate': {'equals': {'浏览器当前的url：http://fecyo.fecshop.com/cn/customer/account': ['current_url', 'http://fecyo.fecshop.com/cn/customer/account']}}}"}], "start": 1765901634231, "stop": 1765901645139, "uuid": "7bc6e8ee-a685-4657-b2d2-3c7540dabd01", "historyId": "8014ff0e59c459c14c706fda043ed43d", "testCaseId": "555528780cef1b72e26dc43e8eecae2c", "fullName": "testcases.test_register.TestRegister#test_register", "labels": [{"name": "epic", "value": "fecshop项目"}, {"name": "feature", "value": "注册模块"}, {"name": "story", "value": "用户注册成功"}, {"name": "parentSuite", "value": "testcases"}, {"name": "suite", "value": "test_register"}, {"name": "subSuite", "value": "TestRegister"}, {"name": "host", "value": "DESKTOP-T3EF999"}, {"name": "thread", "value": "14140-MainThread"}, {"name": "framework", "value": "pytest"}, {"name": "language", "value": "cpython3"}, {"name": "package", "value": "testcases.test_register"}]}