{"name": "test_distributor[case_info0]", "status": "broken", "statusDetails": {"message": "selenium.common.exceptions.TimeoutException: Message: \nStacktrace:\nSymbols not available. Dumping unresolved backtrace:\n\t0x7ff6a8878245\n\t0x7ff6a88782a0\n\t0x7ff6a865165d\n\t0x7ff6a86a9a33\n\t0x7ff6a86a9d3c\n\t0x7ff6a86fdf67\n\t0x7ff6a86fac97\n\t0x7ff6a869ac29\n\t0x7ff6a869ba93\n\t0x7ff6a8b8ffe0\n\t0x7ff6a8b8a920\n\t0x7ff6a8ba9086\n\t0x7ff6a8895744\n\t0x7ff6a889e6ec\n\t0x7ff6a8881964\n\t0x7ff6a8881b15\n\t0x7ff6a8867842\n\t0x7ffe3ad5e8d7\n\t0x7ffe3bcac53c", "trace": "driver = <selenium.webdriver.chrome.webdriver.WebDriver (session=\"d377d9068b11680baa6229e43cb7148d\")>\n\n    @pytest.fixture(scope=\"function\")\n    def login_driver(driver):\n        login_page = LoginPage(driver)\n>       login_page.login(\"/cn/customer/account/login\", \"18817750834\", \"123456\")\n\ntestcases\\conftest.py:20: \n_ _ _ _ _ _ _ _ _ _ _ _ _ _ _ _ _ _ _ _ _ _ _ _ _ _ _ _ _ _ _ _ _ _ _ _ _ _ _ _\npage_objects\\login_page.py:22: in login\n    self.input_text(self.account_loc, account)\npage_objects\\base_page.py:29: in input_text\n    self.find_element(locator).send_keys(text)\npage_objects\\base_page.py:23: in find_element\n    raise e\npage_objects\\base_page.py:20: in find_element\n    return WebDriverWait(self.driver, self.timeout).until(EC.presence_of_element_located(locator))\n_ _ _ _ _ _ _ _ _ _ _ _ _ _ _ _ _ _ _ _ _ _ _ _ _ _ _ _ _ _ _ _ _ _ _ _ _ _ _ _\n\nself = <selenium.webdriver.support.wait.WebDriverWait (session=\"d377d9068b11680baa6229e43cb7148d\")>\nmethod = <function presence_of_element_located.<locals>._predicate at 0x000001F5230A9E40>\nmessage = ''\n\n    def until(self, method: Callable[[D], Union[Literal[False], T]], message: str = \"\") -> T:\n        \"\"\"Wait until the method returns a value that is not False.\n    \n        Calls the method provided with the driver as an argument until the\n        return value does not evaluate to ``False``.\n    \n        Parameters:\n        -----------\n        method: callable(WebDriver)\n            - A callable object that takes a WebDriver instance as an argument.\n    \n        message: str\n            - Optional message for :exc:`TimeoutException`\n    \n        Return:\n        -------\n        object: T\n            - The result of the last call to `method`\n    \n        Raises:\n        -------\n        TimeoutException\n            - If 'method' does not return a truthy value within the WebDriverWait\n            object's timeout\n    \n        Example:\n        --------\n        >>> from selenium.webdriver.common.by import By\n        >>> from selenium.webdriver.support.ui import WebDriverWait\n        >>> from selenium.webdriver.support import expected_conditions as EC\n    \n        # Wait until an element is visible on the page\n        >>> wait = WebDriverWait(driver, 10)\n        >>> element = wait.until(EC.visibility_of_element_located((By.ID, \"exampleId\")))\n        >>> print(element.text)\n        \"\"\"\n        screen = None\n        stacktrace = None\n    \n        end_time = time.monotonic() + self._timeout\n        while True:\n            try:\n                value = method(self._driver)\n                if value:\n                    return value\n            except self._ignored_exceptions as exc:\n                screen = getattr(exc, \"screen\", None)\n                stacktrace = getattr(exc, \"stacktrace\", None)\n            if time.monotonic() > end_time:\n                break\n            time.sleep(self._poll)\n>       raise TimeoutException(message, screen, stacktrace)\nE       selenium.common.exceptions.TimeoutException: Message: \nE       Stacktrace:\nE       Symbols not available. Dumping unresolved backtrace:\nE       \t0x7ff6a8878245\nE       \t0x7ff6a88782a0\nE       \t0x7ff6a865165d\nE       \t0x7ff6a86a9a33\nE       \t0x7ff6a86a9d3c\nE       \t0x7ff6a86fdf67\nE       \t0x7ff6a86fac97\nE       \t0x7ff6a869ac29\nE       \t0x7ff6a869ba93\nE       \t0x7ff6a8b8ffe0\nE       \t0x7ff6a8b8a920\nE       \t0x7ff6a8ba9086\nE       \t0x7ff6a8895744\nE       \t0x7ff6a889e6ec\nE       \t0x7ff6a8881964\nE       \t0x7ff6a8881b15\nE       \t0x7ff6a8867842\nE       \t0x7ffe3ad5e8d7\nE       \t0x7ffe3bcac53c\n\nD:\\Python\\Python313\\Lib\\selenium\\webdriver\\support\\wait.py:138: TimeoutException"}, "parameters": [{"name": "case_info", "value": "{'epic': 'fecshop项目', 'feature': '分销商申请模块', 'story': '分销商申请成功', 'title': '申请成功', 'url': '/cn/distribute/account/register', 'payload': {'name': '周晨飞', 'phone': 18817750834, 'qq': 123456789, 'id_card': 256981235975489542, 'referrer': 9876543210, 'id_positive': 'dog.png', 'id_reverse': 'dog.png'}, 'validate': {'equals': {'浏览器当前的url：我们已经收到您的分销商请求，请耐心等待，如果您想修改您的请求内容，可以重新提交': ['correct_msg', '我们已经收到您的分销商请求，请耐心等待，如果您想修改您的请求内容，可以重新提交']}}}"}], "start": 1765901626810, "stop": 1765901626810, "uuid": "bd5c51ee-146e-4f5b-b902-c98eb6ac8eb2", "historyId": "0f9e78e78adc4b7172f903c34d755611", "testCaseId": "5d5b714b13133e516046d948d929243a", "fullName": "testcases.test_distributor.TestDistributor#test_distributor", "labels": [{"name": "parentSuite", "value": "testcases"}, {"name": "suite", "value": "test_distributor"}, {"name": "subSuite", "value": "TestDistributor"}, {"name": "host", "value": "DESKTOP-T3EF999"}, {"name": "thread", "value": "30832-MainThread"}, {"name": "framework", "value": "pytest"}, {"name": "language", "value": "cpython3"}, {"name": "package", "value": "testcases.test_distributor"}]}